<?xml version="1.0" encoding="UTF-8"?>
<!-- Generated by org.testng.reporters.JUnitReportReporter -->
<testsuite skipped="0" hostname="342-NB-3VH9JM2" name="tests.LoginTest" tests="1" failures="0" timestamp="2020-05-24T12:52:03 IST" time="4.021" errors="0">
  <testcase name="loginTest" time="4.021" classname="tests.LoginTest"/>
  <system-out/>
</testsuite> <!-- tests.LoginTest -->
